{"/home/nico/Atalaya/Estudio/Node/worldNew/src/ormconfig.ts": {"path":"/home/nico/Atalaya/Estudio/Node/worldNew/src/ormconfig.ts","statementMap":{"0":{"start":{"line":27,"column":0},"end":{"line":27,"column":16}},"1":{"start":{"line":29,"column":29},"end":{"line":40,"column":2}}},"fnMap":{},"branchMap":{},"s":{"0":0,"1":0},"f":{},"b":{}}
,"/home/nico/Atalaya/Estudio/Node/worldNew/src/services/modelsRead.services.ts": {"path":"/home/nico/Atalaya/Estudio/Node/worldNew/src/services/modelsRead.services.ts","statementMap":{"0":{"start":{"line":4,"column":26},"end":{"line":12,"column":1}},"1":{"start":{"line":5,"column":24},"end":{"line":5,"column":59}},"2":{"start":{"line":6,"column":23},"end":{"line":6,"column":50}},"3":{"start":{"line":8,"column":23},"end":{"line":10,"column":48}},"4":{"start":{"line":9,"column":24},"end":{"line":9,"column":67}},"5":{"start":{"line":10,"column":21},"end":{"line":10,"column":47}},"6":{"start":{"line":11,"column":4},"end":{"line":11,"column":22}}},"fnMap":{"0":{"name":"(anonymous_0)","decl":{"start":{"line":4,"column":26},"end":{"line":4,"column":27}},"loc":{"start":{"line":4,"column":30},"end":{"line":12,"column":1}},"line":4},"1":{"name":"(anonymous_1)","decl":{"start":{"line":9,"column":16},"end":{"line":9,"column":17}},"loc":{"start":{"line":9,"column":24},"end":{"line":9,"column":67}},"line":9},"2":{"name":"(anonymous_2)","decl":{"start":{"line":10,"column":13},"end":{"line":10,"column":14}},"loc":{"start":{"line":10,"column":21},"end":{"line":10,"column":47}},"line":10}},"branchMap":{"0":{"loc":{"start":{"line":9,"column":24},"end":{"line":9,"column":67}},"type":"binary-expr","locations":[{"start":{"line":9,"column":24},"end":{"line":9,"column":44}},{"start":{"line":9,"column":48},"end":{"line":9,"column":67}}],"line":9}},"s":{"0":0,"1":0,"2":0,"3":0,"4":0,"5":0,"6":0},"f":{"0":0,"1":0,"2":0},"b":{"0":[0,0]}}
,"/home/nico/Atalaya/Estudio/Node/worldNew/src/services/simonStart.services.ts": {"path":"/home/nico/Atalaya/Estudio/Node/worldNew/src/services/simonStart.services.ts","statementMap":{"0":{"start":{"line":1,"column":25},"end":{"line":27,"column":1}},"1":{"start":{"line":2,"column":2},"end":{"line":26,"column":21}}},"fnMap":{"0":{"name":"(anonymous_0)","decl":{"start":{"line":1,"column":25},"end":{"line":1,"column":26}},"loc":{"start":{"line":1,"column":31},"end":{"line":27,"column":1}},"line":1}},"branchMap":{},"s":{"0":0,"1":0},"f":{"0":0},"b":{}}
}
